<?xml version="1.0" encoding="UTF-8"?>
<!-- Generated by org.testng.reporters.JUnitReportReporter -->
<testsuite skipped="0" hostname="LAPTOP-PT93KTGA" name="org.executable.Amazon" tests="3" failures="0" timestamp="28 Dec 2020 12:07:46 GMT" time="55.992" errors="0">
  <testcase name="tc3" time="11.863" classname="org.executable.Amazon"/>
  <testcase name="tc2" time="41.883" classname="org.executable.Amazon"/>
  <testcase name="tc1" time="2.246" classname="org.executable.Amazon"/>
</testsuite> <!-- org.executable.Amazon -->
